[2023-10-06 21:42:09 (EET)] Unknow: Creation of dynamic property System\Finance\Transaction\Receipt::$issuer_account is deprecated in C:\xampp\htdocs\eiad\src\System\Finance\Transaction\Receipt.php on line 26
[2023-10-06 21:42:09 (EET)] Unknow: Creation of dynamic property System\Finance\Transaction\Receipt::$target_account is deprecated in C:\xampp\htdocs\eiad\src\System\Finance\Transaction\Receipt.php on line 35
[2023-10-06 21:42:09 (EET)] Unknow: Creation of dynamic property System\Finance\Transaction\Receipt::$value is deprecated in C:\xampp\htdocs\eiad\src\System\Finance\Transaction\Prepare.php on line 40
[2023-10-06 21:42:09 (EET)] Unknow: Creation of dynamic property System\Finance\Transaction\Receipt::$category is deprecated in C:\xampp\htdocs\eiad\src\System\Finance\Transaction\Prepare.php on line 128
[2023-10-06 21:42:09 (EET)] Unknow: Creation of dynamic property System\Finance\Transaction\Receipt::$beneficiary is deprecated in C:\xampp\htdocs\eiad\src\System\Finance\Transaction\Prepare.php on line 61
[2023-10-06 21:42:09 (EET)] Unknow: Creation of dynamic property System\Finance\Transaction\Receipt::$description is deprecated in C:\xampp\htdocs\eiad\src\System\Finance\Transaction\Prepare.php on line 71
[2023-10-06 21:42:09 (EET)] Unknow: Creation of dynamic property System\Finance\Transaction\Receipt::$individual is deprecated in C:\xampp\htdocs\eiad\src\System\Finance\Transaction\Prepare.php on line 98
[2023-10-06 21:42:09 (EET)] Unknow: Creation of dynamic property System\Finance\Transaction\Receipt::$reference is deprecated in C:\xampp\htdocs\eiad\src\System\Finance\Transaction\Prepare.php on line 81
[2023-10-06 21:42:09 (EET)] Unknow: Creation of dynamic property System\Finance\Transaction\Receipt::$relation is deprecated in C:\xampp\htdocs\eiad\src\System\Finance\Transaction\Prepare.php on line 112
[2023-10-06 21:42:24 (EET)] Unknow: Creation of dynamic property System\Finance\Transaction\Receipt::$issuer_account is deprecated in C:\xampp\htdocs\eiad\src\System\Finance\Transaction\Receipt.php on line 26
[2023-10-06 21:42:24 (EET)] Unknow: Creation of dynamic property System\Finance\Transaction\Receipt::$target_account is deprecated in C:\xampp\htdocs\eiad\src\System\Finance\Transaction\Receipt.php on line 35
[2023-10-06 21:42:24 (EET)] Unknow: Creation of dynamic property System\Finance\Transaction\Receipt::$value is deprecated in C:\xampp\htdocs\eiad\src\System\Finance\Transaction\Prepare.php on line 39
[2023-10-06 21:42:24 (EET)] Unknow: Creation of dynamic property System\Finance\Transaction\Receipt::$category is deprecated in C:\xampp\htdocs\eiad\src\System\Finance\Transaction\Prepare.php on line 127
[2023-10-06 21:42:24 (EET)] Unknow: Creation of dynamic property System\Finance\Transaction\Receipt::$beneficiary is deprecated in C:\xampp\htdocs\eiad\src\System\Finance\Transaction\Prepare.php on line 60
[2023-10-06 21:42:24 (EET)] Unknow: Creation of dynamic property System\Finance\Transaction\Receipt::$description is deprecated in C:\xampp\htdocs\eiad\src\System\Finance\Transaction\Prepare.php on line 70
[2023-10-06 21:42:24 (EET)] Unknow: Creation of dynamic property System\Finance\Transaction\Receipt::$individual is deprecated in C:\xampp\htdocs\eiad\src\System\Finance\Transaction\Prepare.php on line 97
[2023-10-06 21:42:24 (EET)] Unknow: Creation of dynamic property System\Finance\Transaction\Receipt::$reference is deprecated in C:\xampp\htdocs\eiad\src\System\Finance\Transaction\Prepare.php on line 80
[2023-10-06 21:42:24 (EET)] Unknow: Creation of dynamic property System\Finance\Transaction\Receipt::$relation is deprecated in C:\xampp\htdocs\eiad\src\System\Finance\Transaction\Prepare.php on line 111
[2023-10-06 21:43:19 (EET)] Unknow: Creation of dynamic property System\Finance\Transaction\Receipt::$value is deprecated in C:\xampp\htdocs\eiad\src\System\Finance\Transaction\Prepare.php on line 39
[2023-10-06 21:49:39 (EET)] Unknow: Creation of dynamic property System\Finance\Transaction\Receipt::$issuer_account is deprecated in C:\xampp\htdocs\eiad\src\System\Finance\Transaction\Receipt.php on line 26
[2023-10-06 21:49:39 (EET)] Unknow: Creation of dynamic property System\Finance\Transaction\Receipt::$target_account is deprecated in C:\xampp\htdocs\eiad\src\System\Finance\Transaction\Receipt.php on line 35
[2023-10-06 21:50:27 (EET)] Unknow: Creation of dynamic property System\Finance\Transaction\Receipt::$issuer_account is deprecated in C:\xampp\htdocs\eiad\src\System\Finance\Transaction\Receipt.php on line 26
[2023-10-06 21:50:27 (EET)] Unknow: Creation of dynamic property System\Finance\Transaction\Receipt::$target_account is deprecated in C:\xampp\htdocs\eiad\src\System\Finance\Transaction\Receipt.php on line 35
[2023-10-06 21:51:48 (EET)] Unknow: Creation of dynamic property System\Finance\Transaction\Receipt::$issuer_account is deprecated in C:\xampp\htdocs\eiad\src\System\Finance\Transaction\Receipt.php on line 26
[2023-10-06 21:51:48 (EET)] Unknow: Creation of dynamic property System\Finance\Transaction\Receipt::$target_account is deprecated in C:\xampp\htdocs\eiad\src\System\Finance\Transaction\Receipt.php on line 35
[2023-10-06 21:51:52 (EET)] Unknow: Creation of dynamic property System\Finance\Transaction\Receipt::$issuer_account is deprecated in C:\xampp\htdocs\eiad\src\System\Finance\Transaction\Receipt.php on line 26
[2023-10-06 21:51:52 (EET)] Unknow: Creation of dynamic property System\Finance\Transaction\Receipt::$target_account is deprecated in C:\xampp\htdocs\eiad\src\System\Finance\Transaction\Receipt.php on line 35
[2023-10-06 21:52:18 (EET)] Unknow: Creation of dynamic property System\Finance\Transaction\Receipt::$issuer_account is deprecated in C:\xampp\htdocs\eiad\src\System\Finance\Transaction\Receipt.php on line 26
[2023-10-06 21:52:18 (EET)] Unknow: Creation of dynamic property System\Finance\Transaction\Receipt::$target_account is deprecated in C:\xampp\htdocs\eiad\src\System\Finance\Transaction\Receipt.php on line 35
[2023-10-06 21:52:24 (EET)] Unknow: Creation of dynamic property System\Finance\Transaction\Receipt::$issuer_account is deprecated in C:\xampp\htdocs\eiad\src\System\Finance\Transaction\Receipt.php on line 26
[2023-10-06 21:52:24 (EET)] Unknow: Creation of dynamic property System\Finance\Transaction\Receipt::$target_account is deprecated in C:\xampp\htdocs\eiad\src\System\Finance\Transaction\Receipt.php on line 35
[2023-10-06 21:52:29 (EET)] Unknow: Creation of dynamic property System\Finance\Transaction\Receipt::$issuer_account is deprecated in C:\xampp\htdocs\eiad\src\System\Finance\Transaction\Receipt.php on line 26
[2023-10-06 21:52:29 (EET)] Unknow: Creation of dynamic property System\Finance\Transaction\Receipt::$target_account is deprecated in C:\xampp\htdocs\eiad\src\System\Finance\Transaction\Receipt.php on line 35
[2023-10-06 21:52:33 (EET)] Unknow: Creation of dynamic property System\Finance\Transaction\Receipt::$issuer_account is deprecated in C:\xampp\htdocs\eiad\src\System\Finance\Transaction\Receipt.php on line 26
[2023-10-06 21:52:33 (EET)] Unknow: Creation of dynamic property System\Finance\Transaction\Receipt::$target_account is deprecated in C:\xampp\htdocs\eiad\src\System\Finance\Transaction\Receipt.php on line 35
[2023-10-06 21:52:36 (EET)] Unknow: Creation of dynamic property System\Finance\Transaction\Receipt::$issuer_account is deprecated in C:\xampp\htdocs\eiad\src\System\Finance\Transaction\Receipt.php on line 26
[2023-10-06 21:52:36 (EET)] Unknow: Creation of dynamic property System\Finance\Transaction\Receipt::$target_account is deprecated in C:\xampp\htdocs\eiad\src\System\Finance\Transaction\Receipt.php on line 35
[2023-10-06 21:52:41 (EET)] Unknow: Creation of dynamic property System\Finance\Transaction\Receipt::$issuer_account is deprecated in C:\xampp\htdocs\eiad\src\System\Finance\Transaction\Receipt.php on line 26
[2023-10-06 21:52:41 (EET)] Unknow: Creation of dynamic property System\Finance\Transaction\Receipt::$target_account is deprecated in C:\xampp\htdocs\eiad\src\System\Finance\Transaction\Receipt.php on line 35
[2023-10-06 21:53:34 (EET)] Unknow: Creation of dynamic property System\Finance\Transaction\Receipt::$issuer_account is deprecated in C:\xampp\htdocs\eiad\src\System\Finance\Transaction\Receipt.php on line 26
[2023-10-06 23:38:22 (EET)] Warning: Array to string conversion in C:\xampp\htdocs\eiad\website-contents\91.php on line 15
